2020-12-01 17:53:08.391 [INFO ] org.springframework.boot.StartupInfoLogger.logStarting -
            Starting ElevatorApplication using Java 1.8.0_221 on MacBookPro with PID 28429 (/Users/changlei/IdeaProjects/elevator/target/classes started by changlei in /Users/changlei/IdeaProjects/elevator)
2020-12-01 17:53:08.402 [INFO ] org.springframework.boot.SpringApplication.logStartupProfileInfo -
            No active profile set, falling back to default profiles: default
2020-12-01 17:53:08.448 [INFO ] org.springframework.boot.logging.DeferredLog.logTo -
            Devtools property defaults active! Set 'spring.devtools.add-properties' to 'false' to disable
2020-12-01 17:53:08.449 [INFO ] org.springframework.boot.logging.DeferredLog.logTo -
            For additional web related logging consider setting the 'logging.level.web' property to 'DEBUG'
2020-12-01 17:53:10.226 [INFO ] org.springframework.boot.web.embedded.tomcat.TomcatWebServer.initialize -
            Tomcat initialized with port(s): 8090 (http)
2020-12-01 17:53:10.244 [INFO ] org.apache.juli.logging.DirectJDKLog.log -
            Starting service [Tomcat]
2020-12-01 17:53:10.245 [INFO ] org.apache.juli.logging.DirectJDKLog.log -
            Starting Servlet engine: [Apache Tomcat/9.0.39]
2020-12-01 17:53:10.311 [INFO ] org.apache.juli.logging.DirectJDKLog.log -
            Initializing Spring embedded WebApplicationContext
2020-12-01 17:53:10.311 [INFO ] org.springframework.boot.web.servlet.context.ServletWebServerApplicationContext.prepareWebApplicationContext -
            Root WebApplicationContext: initialization completed in 1861 ms
2020-12-01 17:53:10.542 [INFO ] org.apache.juli.logging.DirectJDKLog.log -
            Stopping service [Tomcat]
